<?xml version="1.0" encoding="UTF-8"?>
<!-- Generated by org.testng.reporters.JUnitXMLReporter -->
<testsuite ignored="0" hostname="Krishi-PC" failures="0" tests="3" name="Test" time="26.322" errors="0" timestamp="2022-07-11T21:13:51 IST">
  <testcase classname="moduleTest.LoginTest" name="LogIn" time="6.259"/>
  <testcase classname="moduleTest.LoginTest" name="LogIn" time="2.086"/>
  <testcase classname="moduleTest.DashboardsTest" name="Dashboard" time="6.045"/>
</testsuite> <!-- Test -->
